<?xml version="1.0" encoding="UTF-8"?>
<!-- Generated by org.testng.reporters.JUnitReportReporter -->
<testsuite hostname="ASUS" failures="0" tests="1" name="Scratch.AutomationProject.TC01_Registration" time="0.326" errors="0" timestamp="2022-11-06T23:15:53 IST" skipped="0">
  <testcase classname="Scratch.AutomationProject.TC01_Registration" name="registerTest" time="0.326"/>
  <system-out/>
</testsuite> <!-- Scratch.AutomationProject.TC01_Registration -->
