<?xml version="1.0" encoding="UTF-8"?>
<!-- Generated by org.testng.reporters.JUnitReportReporter -->
<testsuite hostname="DESKTOP-QFBVSJ4" failures="0" tests="1" name="Scratch.AutomationProject.TC01_Registration" time="19.493" errors="0" timestamp="2022-11-11T19:04:06 IST" skipped="0">
  <testcase classname="Scratch.AutomationProject.TC01_Registration" name="registerTest" time="19.493"/>
  <system-out/>
</testsuite> <!-- Scratch.AutomationProject.TC01_Registration -->
