<?xml version="1.0" encoding="UTF-8"?>
<!-- Generated by org.testng.reporters.JUnitReportReporter -->
<testsuite hostname="DESKTOP-QFBVSJ4" failures="0" tests="3" name="Scratch.AutomationProject.TC01_Registration" time="53.452" errors="0" timestamp="2022-11-10T15:08:49 IST" skipped="0">
  <testcase classname="Scratch.AutomationProject.TC01_Registration" name="registerTest" time="18.523"/>
  <system-out/>
  <testcase classname="Scratch.AutomationProject.TC01_Registration" name="registerTest" time="17.242"/>
  <system-out/>
  <testcase classname="Scratch.AutomationProject.TC01_Registration" name="registerTest" time="17.687"/>
  <system-out/>
</testsuite> <!-- Scratch.AutomationProject.TC01_Registration -->
