<?xml version="1.0" encoding="UTF-8"?>
<!-- Generated by org.testng.reporters.JUnitReportReporter -->
<testsuite hostname="DESKTOP-QFBVSJ4" failures="0" tests="3" name="Scratch.AutomationProject.TC01_Registration" time="18.933" errors="0" timestamp="2022-11-09T11:13:15 IST" skipped="0">
  <testcase classname="Scratch.AutomationProject.TC01_Registration" name="registerTest" time="6.147"/>
  <system-out/>
  <testcase classname="Scratch.AutomationProject.TC01_Registration" name="registerTest" time="6.293"/>
  <system-out/>
  <testcase classname="Scratch.AutomationProject.TC01_Registration" name="registerTest" time="6.493"/>
  <system-out/>
</testsuite> <!-- Scratch.AutomationProject.TC01_Registration -->
