<?xml version="1.0" encoding="UTF-8"?>
<!-- Generated by org.testng.reporters.JUnitReportReporter -->
<testsuite hostname="DESKTOP-QFBVSJ4" failures="0" tests="1" name="Scratch.AutomationProject.TC01_Registration" time="0.000" errors="0" timestamp="2022-11-08T13:59:39 IST" skipped="1">
  <testcase classname="Scratch.AutomationProject.TC01_Registration" name="registerTest" time="0.000">
    <skipped/>
  </testcase> <!-- registerTest -->
  <system-out/>
</testsuite> <!-- Scratch.AutomationProject.TC01_Registration -->
