<?xml version="1.0" encoding="UTF-8"?>
<!-- Generated by org.testng.reporters.JUnitReportReporter -->
<testsuite skipped="0" hostname="DESKTOP-QFBVSJ4" name="Scratch.AutomationProject.test2" tests="1" failures="0" timestamp="03 Nov 2022 11:00:54 GMT" time="0.001" errors="0">
  <testcase name="BTest" time="0.001" classname="Scratch.AutomationProject.test2"/>
</testsuite> <!-- Scratch.AutomationProject.test2 -->
