<?xml version="1.0" encoding="UTF-8"?>
<!-- Generated by org.testng.reporters.JUnitReportReporter -->
<testsuite skipped="0" hostname="DESKTOP-QFBVSJ4" name="Scratch.AutomationProject.TC01_Registration" tests="1" failures="0" timestamp="04 Nov 2022 11:32:35 GMT" time="0.249" errors="0">
  <testcase name="registerTest" time="0.249" classname="Scratch.AutomationProject.TC01_Registration"/>
</testsuite> <!-- Scratch.AutomationProject.TC01_Registration -->
