<?xml version="1.0" encoding="UTF-8"?>
<!-- Generated by org.testng.reporters.JUnitReportReporter -->
<testsuite hostname="DESKTOP-QFBVSJ4" failures="0" tests="3" name="Scratch.AutomationProject.TC01_Registration" time="16.622" errors="0" timestamp="2022-11-08T16:12:04 IST" skipped="0">
  <testcase classname="Scratch.AutomationProject.TC01_Registration" name="registerTest" time="4.513"/>
  <system-out/>
  <testcase classname="Scratch.AutomationProject.TC01_Registration" name="registerTest" time="5.107"/>
  <system-out/>
  <testcase classname="Scratch.AutomationProject.TC01_Registration" name="registerTest" time="7.002"/>
  <system-out/>
</testsuite> <!-- Scratch.AutomationProject.TC01_Registration -->
