<?xml version="1.0" encoding="UTF-8"?>
<!-- Generated by org.testng.reporters.JUnitReportReporter -->
<testsuite hostname="DESKTOP-QFBVSJ4" failures="0" tests="1" name="Scratch.AutomationProject.TC01_Registration" time="1.785" errors="0" timestamp="2022-11-07T13:21:47 IST" skipped="0">
  <testcase classname="Scratch.AutomationProject.TC01_Registration" name="registerTest" time="1.785"/>
  <system-out/>
</testsuite> <!-- Scratch.AutomationProject.TC01_Registration -->
